#
# A fatal error has been detected by the Java Runtime Environment:
#
#  Internal Error (javaClasses.cpp:136), pid=4744, tid=1180
#  fatal error: Invalid layout of preloaded class
#
# JRE version:  (7.0_45-b18) (build )
# Java VM: Java HotSpot(TM) Client VM (24.45-b08 mixed mode windows-x86 )
# Failed to write core dump. Minidumps are not enabled by default on client versions of Windows
#
# If you would like to submit a bug report, please visit:
#   http://bugreport.sun.com/bugreport/crash.jsp
#

---------------  T H R E A D  ---------------

Current thread (0x002cc400):  JavaThread "Unknown thread" [_thread_in_vm, id=1180, stack(0x009c0000,0x00a10000)]

Stack: [0x009c0000,0x00a10000],  sp=0x00a0f9dc,  free space=318k
Native frames: (J=compiled Java code, j=interpreted, Vv=VM code, C=native code)
V  [jvm.dll+0x18df51]
V  [jvm.dll+0x187cc6]
V  [jvm.dll+0x3586a]
V  [jvm.dll+0x358f6]
V  [jvm.dll+0x4400d]
V  [jvm.dll+0x442be]
V  [jvm.dll+0x9263a]
V  [jvm.dll+0x929eb]
V  [jvm.dll+0x13daf1]
V  [jvm.dll+0x1605fc]
V  [jvm.dll+0xc8ebf]
C  [javaw.exe+0x13ce]
C  [javaw.exe+0x1e40]
C  [javaw.exe+0xa5b1]
C  [javaw.exe+0xa63b]
C  [kernel32.dll+0x133aa]
C  [ntdll.dll+0x39ef2]
C  [ntdll.dll+0x39ec5]


---------------  P R O C E S S  ---------------

Java Threads: ( => current thread )

Other Threads:

=>0x002cc400 (exited) JavaThread "Unknown thread" [_thread_in_vm, id=1180, stack(0x009c0000,0x00a10000)]

VM state:not at safepoint (not fully initialized)

VM Mutex/Monitor currently owned by a thread: None

GC Heap History (0 events):
No events

Deoptimization events (0 events):
No events

Internal exceptions (0 events):
No events

Events (10 events):
Event: 0.103 loading class 0x00419658 done
Event: 0.103 loading class 0x004190e8 done
Event: 0.103 loading class 0x004190c8
Event: 0.104 loading class 0x004203f0
Event: 0.104 loading class 0x004203f0 done
Event: 0.104 loading class 0x00420420
Event: 0.104 loading class 0x00420420 done
Event: 0.104 loading class 0x00420450
Event: 0.104 loading class 0x00420450 done
Event: 0.104 loading class 0x004190c8 done


Dynamic libraries:
0x00e90000 - 0x00ebf000 	C:\Program Files (x86)\Java\jre7\bin\javaw.exe
0x77140000 - 0x772c0000 	C:\Windows\SysWOW64\ntdll.dll
0x75b20000 - 0x75c30000 	C:\Windows\syswow64\kernel32.dll
0x750f0000 - 0x75137000 	C:\Windows\syswow64\KERNELBASE.dll
0x74d90000 - 0x74e30000 	C:\Windows\syswow64\ADVAPI32.dll
0x74fa0000 - 0x7504c000 	C:\Windows\syswow64\msvcrt.dll
0x74f60000 - 0x74f79000 	C:\Windows\SysWOW64\sechost.dll
0x755c0000 - 0x756b0000 	C:\Windows\syswow64\RPCRT4.dll
0x74820000 - 0x74880000 	C:\Windows\syswow64\SspiCli.dll
0x74810000 - 0x7481c000 	C:\Windows\syswow64\CRYPTBASE.dll
0x74890000 - 0x74990000 	C:\Windows\syswow64\USER32.dll
0x74c80000 - 0x74d10000 	C:\Windows\syswow64\GDI32.dll
0x759b0000 - 0x759ba000 	C:\Windows\syswow64\LPK.dll
0x754a0000 - 0x7553d000 	C:\Windows\syswow64\USP10.dll
0x71e00000 - 0x71f9e000 	C:\Windows\WinSxS\x86_microsoft.windows.common-controls_6595b64144ccf1df_6.0.7601.17514_none_41e6975e2bd6f2b2\COMCTL32.dll
0x75090000 - 0x750e7000 	C:\Windows\syswow64\SHLWAPI.dll
0x75200000 - 0x75260000 	C:\Windows\system32\IMM32.DLL
0x756c0000 - 0x7578c000 	C:\Windows\syswow64\MSCTF.dll
0x613e0000 - 0x6149f000 	C:\Program Files (x86)\Java\jre7\bin\msvcr100.dll
0x61060000 - 0x613e0000 	C:\Program Files (x86)\Java\jre7\bin\client\jvm.dll
0x72e70000 - 0x72e77000 	C:\Windows\system32\WSOCK32.dll
0x75050000 - 0x75085000 	C:\Windows\syswow64\WS2_32.dll
0x74f50000 - 0x74f56000 	C:\Windows\syswow64\NSI.dll
0x72c50000 - 0x72c82000 	C:\Windows\system32\WINMM.dll
0x77110000 - 0x77115000 	C:\Windows\syswow64\PSAPI.DLL
0x6aff0000 - 0x6affc000 	C:\Program Files (x86)\Java\jre7\bin\verify.dll
0x682f0000 - 0x68310000 	C:\Program Files (x86)\Java\jre7\bin\java.dll
0x682d0000 - 0x682e3000 	C:\Program Files (x86)\Java\jre7\bin\zip.dll
0x71a00000 - 0x71aeb000 	C:\Windows\system32\dbghelp.dll

VM Arguments:
jvm_args: -Dfile.encoding=UTF-8 -Xbootclasspath:C:\Program1\Eclipse\adt-bundle-windows-x86_64-20140321\sdk\platforms\android-19\android.jar 
java_command: com.me.mygdxgame.Main
Launcher Type: SUN_STANDARD

Environment Variables:
CLASSPATH=.;C:\Program Files (x86)\Java\jre7\lib\ext\QTJava.zip
PATH=C:\Perl64\bin;C:\Perl64\site\bin;C:\Perl64\bin;C:\Program Files (x86)\AMD APP\bin\x86_64;C:\Program Files (x86)\AMD APP\bin\x86;C:/ccs/ccsv5/../xdctools_3_22_01_21;C:\Windows\system32;C:\Windows;C:\Windows\System32\Wbem;C:\Windows\System32\WindowsPowerShell\v1.0\;C:\Program Files (x86)\ATI Technologies\ATI.ACE\Core-Static;C:\Program Files (x86)\MIT\Kerberos\bin;C:\Program Files\MATLAB\R2011b\runtime\win64;C:\Program Files\MATLAB\R2011b\bin;C:\Program Files\MATLAB\R2010b\runtime\win64;C:\Program Files\MATLAB\R2010b\bin;C:\Program Files (x86)\QuickTime\QTSystem\;C:\Program Files (x86)\Autodesk\Backburner\;C:\Program Files\Common Files\Autodesk Shared\;C:\Program Files\MiKTeX 2.9\miktex\bin\x64\;C:\OrCAD\OrCAD_16.5_Lite\tools\pcb\bin;C:\OrCAD\OrCAD_16.5_Lite\tools\fet\bin;C:\OrCAD\OrCAD_16.5_Lite\OpenAccess\bin\win32\opt;C:\OrCAD\OrCAD_16.5_Lite\tools\bin;C:\OrCAD\OrCAD_16.5_Lite\tools\Capture;C:\OrCAD\OrCAD_16.5_Lite\tools\PSpice\Library;C:\OrCAD\OrCAD_16.5_Lite\tools\PSpice;C:/ccs/ccsv5/../xdctools_3_22_01_21
USERNAME=Palsson
OS=Windows_NT
PROCESSOR_IDENTIFIER=Intel64 Family 6 Model 37 Stepping 5, GenuineIntel



---------------  S Y S T E M  ---------------

OS: Windows 7 , 64 bit Build 7601 Service Pack 1

CPU:total 4 (2 cores per cpu, 2 threads per core) family 6 model 37 stepping 5, cmov, cx8, fxsr, mmx, sse, sse2, sse3, ssse3, sse4.1, sse4.2, popcnt, ht, tsc, tscinvbit

Memory: 4k page, physical 3854772k(1527488k free), swap 3852920k(1094172k free)

vm_info: Java HotSpot(TM) Client VM (24.45-b08) for windows-x86 JRE (1.7.0_45-b18), built on Oct  8 2013 06:02:43 by "java_re" with unknown MS VC++:1600

time: Sun Apr 13 04:16:19 2014
elapsed time: 0 seconds

