#
# A fatal error has been detected by the Java Runtime Environment:
#
#  EXCEPTION_ACCESS_VIOLATION (0xc0000005) at pc=0x0000003300000001, pid=9480, tid=10244
#
# JRE version: 7.0_10-b18
# Java VM: Java HotSpot(TM) 64-Bit Server VM (23.6-b04 mixed mode windows-amd64 compressed oops)
# Problematic frame:
# C  0x0000003300000001
#
# Failed to write core dump. Minidumps are not enabled by default on client versions of Windows
#
# If you would like to submit a bug report, please visit:
#   http://bugreport.sun.com/bugreport/crash.jsp
# The crash happened outside the Java Virtual Machine in native code.
# See problematic frame for where to report the bug.
#

---------------  T H R E A D  ---------------

Current thread (0x0000000012aef800):  JavaThread "LWJGL Application" [_thread_in_native, id=10244, stack(0x00000000141d0000,0x00000000142d0000)]

siginfo: ExceptionCode=0xc0000005, ExceptionInformation=0x0000000000000008 0x0000003300000001

Registers:
RAX=0x0000000000399220, RBX=0x0000000000411aa0, RCX=0x00000000003d70c0, RDX=0x00000000003f4700
RSP=0x00000000142cedf8, RBP=0x00000000142ceec0, RSI=0x00000000003f4700, RDI=0x00000000142ceec0
R8 =0x000000000040da90, R9 =0x00000000142ceec0, R10=0x000000000242237c, R11=0x000000005c062070
R12=0x0000000000000000, R13=0x00000006fc1418b0, R14=0x00000000142cf040, R15=0x0000000012aef800
RIP=0x0000003300000001, EFLAGS=0x0000000000010206

Top of Stack: (sp=0x00000000142cedf8)
0x00000000142cedf8:   000000006559fb64 0000000012aef800
0x00000000142cee08:   0000000012a108b0 0000000012a10898
0x00000000142cee18:   000000005bf52101 000000000040da90
0x00000000142cee28:   000000000040da90 00000000003f4700
0x00000000142cee38:   0000000000411aa0 00000000142ceec0
0x00000000142cee48:   000000006559eb69 0000000012a108a0
0x00000000142cee58:   000000005bf22e8e 0000000012a108a8
0x00000000142cee68:   0000000012a10880 00005925253bb243
0x00000000142cee78:   00000006fc1418b0 0000000000000000
0x00000000142cee88:   0000000000000000 00000000142cefc8
0x00000000142cee98:   00000000655a85f1 0000000012aef800
0x00000000142ceea8:   000000005bf19c90 000000005c3a4f78
0x00000000142ceeb8:   00000000021778d0 00000000003d70c0
0x00000000142ceec8:   0000000000000000 3f19999a3f666666
0x00000000142ceed8:   000100003f000000 000000000000ffff
0x00000000142ceee8:   000000005bf569c0 00000000142cf0a8 

Instructions: (pc=0x0000003300000001)
0x00000032ffffffe1:   
[error occurred during error reporting (printing registers, top of stack, instructions near pc), id 0xc0000005]

Register to memory mapping:

RAX=0x0000000000399220 is an unknown value
RBX=0x0000000000411aa0 is an unknown value
RCX=0x00000000003d70c0 is an unknown value
RDX=0x00000000003f4700 is an unknown value
RSP=0x00000000142cedf8 is pointing into the stack for thread: 0x0000000012aef800
RBP=0x00000000142ceec0 is pointing into the stack for thread: 0x0000000012aef800
RSI=0x00000000003f4700 is an unknown value
RDI=0x00000000142ceec0 is pointing into the stack for thread: 0x0000000012aef800
R8 =0x000000000040da90 is an unknown value
R9 =0x00000000142ceec0 is pointing into the stack for thread: 0x0000000012aef800
R10=0x000000000242237c is an Interpreter codelet
method entry point (kind = native)  [0x0000000002422100, 0x0000000002422980]  2176 bytes
R11=0x000000005c062070 is an unknown value
R12=0x0000000000000000 is an unknown value
R13=0x00000006fc1418b0 is an oop
{method} 
 - klass: {other class}
R14=0x00000000142cf040 is pointing into the stack for thread: 0x0000000012aef800
R15=0x0000000012aef800 is a thread


Stack: [0x00000000141d0000,0x00000000142d0000],  sp=0x00000000142cedf8,  free space=1019k
Native frames: (J=compiled Java code, j=interpreted, Vv=VM code, C=native code)
C  0x0000003300000001

Java frames: (J=compiled Java code, j=interpreted, Vv=VM code)
j  com.badlogic.gdx.physics.box2d.Body.jniCreateFixture(JJFFFZSSS)J+0
j  com.badlogic.gdx.physics.box2d.Body.createFixture(Lcom/badlogic/gdx/physics/box2d/FixtureDef;)Lcom/badlogic/gdx/physics/box2d/Fixture;+49
j  player.Player.respawn()V+20
j  com.me.mygdxgame.screen.GameScreen.generalUpdate()V+91
j  com.me.mygdxgame.screen.GameScreen.render(F)V+114
j  com.badlogic.gdx.Game.render()V+19
j  com.me.mygdxgame.MyGdxGame.render()V+1
j  com.badlogic.gdx.backends.lwjgl.LwjglApplication.mainLoop()V+642
j  com.badlogic.gdx.backends.lwjgl.LwjglApplication$1.run()V+27
v  ~StubRoutines::call_stub

---------------  P R O C E S S  ---------------

Java Threads: ( => current thread )
  0x0000000012c4e800 JavaThread "LWJGL Timer" daemon [_thread_blocked, id=10500, stack(0x000000001cd00000,0x000000001ce00000)]
  0x0000000001d7d000 JavaThread "DestroyJavaVM" [_thread_blocked, id=10348, stack(0x0000000002310000,0x0000000002410000)]
=>0x0000000012aef800 JavaThread "LWJGL Application" [_thread_in_native, id=10244, stack(0x00000000141d0000,0x00000000142d0000)]
  0x0000000012aa6800 JavaThread "AWT-Windows" daemon [_thread_in_native, id=10660, stack(0x00000000133b0000,0x00000000134b0000)]
  0x0000000012aa5000 JavaThread "Java2D Disposer" daemon [_thread_blocked, id=2688, stack(0x0000000012f10000,0x0000000013010000)]
  0x0000000010e81800 JavaThread "Service Thread" daemon [_thread_blocked, id=11248, stack(0x00000000127f0000,0x00000000128f0000)]
  0x0000000010e81000 JavaThread "C2 CompilerThread1" daemon [_thread_blocked, id=8336, stack(0x0000000012660000,0x0000000012760000)]
  0x0000000010e77000 JavaThread "C2 CompilerThread0" daemon [_thread_blocked, id=10272, stack(0x00000000124b0000,0x00000000125b0000)]
  0x0000000010e75800 JavaThread "Attach Listener" daemon [_thread_blocked, id=2972, stack(0x0000000012250000,0x0000000012350000)]
  0x0000000010e6e800 JavaThread "Signal Dispatcher" daemon [_thread_blocked, id=10280, stack(0x0000000012370000,0x0000000012470000)]
  0x00000000021e6000 JavaThread "Finalizer" daemon [_thread_blocked, id=10880, stack(0x0000000011dc0000,0x0000000011ec0000)]
  0x00000000021df000 JavaThread "Reference Handler" daemon [_thread_blocked, id=1152, stack(0x0000000012090000,0x0000000012190000)]

Other Threads:
  0x0000000010df1800 VMThread [stack: 0x0000000011f90000,0x0000000012090000] [id=10964]
  0x0000000010e94000 WatcherThread [stack: 0x00000000128f0000,0x00000000129f0000] [id=11232]

VM state:not at safepoint (normal execution)

VM Mutex/Monitor currently owned by a thread: None

Heap
 PSYoungGen      total 76224K, used 20528K [0x00000007aaeb0000, 0x00000007b03c0000, 0x0000000800000000)
  eden space 65344K, 31% used [0x00000007aaeb0000,0x00000007ac2bc278,0x00000007aee80000)
  from space 10880K, 0% used [0x00000007af920000,0x00000007af920000,0x00000007b03c0000)
  to   space 10880K, 0% used [0x00000007aee80000,0x00000007aee80000,0x00000007af920000)
 ParOldGen       total 174208K, used 0K [0x0000000700c00000, 0x000000070b620000, 0x00000007aaeb0000)
  object space 174208K, 0% used [0x0000000700c00000,0x0000000700c00000,0x000000070b620000)
 PSPermGen       total 21248K, used 7974K [0x00000006fba00000, 0x00000006fcec0000, 0x0000000700c00000)
  object space 21248K, 37% used [0x00000006fba00000,0x00000006fc1c9b70,0x00000006fcec0000)

Card table byte_map: [0x0000000005410000,0x0000000005c40000] byte_map_base: 0x0000000001c33000

Polling page: 0x0000000000320000

Code Cache  [0x0000000002410000, 0x0000000002680000, 0x0000000005410000)
 total_blobs=515 nmethods=60 adapters=407 free_code_cache=48527Kb largest_free_block=49667072

Compilation events (10 events):
Event: 4.061 Thread 0x0000000010e81000 nmethod 54 0x00000000024a3c90 code [0x00000000024a3dc0, 0x00000000024a3e18]
Event: 4.061 Thread 0x0000000010e77000 nmethod 53 0x00000000024ab3d0 code [0x00000000024ab500, 0x00000000024ab538]
Event: 4.076 Thread 0x0000000010e81000   55             org.lwjgl.opengl.Sync$RunningAvg::add (38 bytes)
Event: 4.077 Thread 0x0000000010e81000 nmethod 55 0x00000000024ab0d0 code [0x00000000024ab200, 0x00000000024ab2f8]
Event: 4.078 Thread 0x0000000010e77000   56   !         org.lwjgl.opengl.Sync::sync (125 bytes)
Event: 4.084 Thread 0x0000000010e77000 nmethod 56 0x00000000024aba50 code [0x00000000024abc80, 0x00000000024ac508]
Event: 4.092 Thread 0x0000000010e81000    3 % !         org.lwjgl.opengl.Sync::sync @ 65 (125 bytes)
Event: 4.096 Thread 0x0000000010e81000 nmethod 3% 0x00000000024a8610 code [0x00000000024a87a0, 0x00000000024a8d08]
Event: 4.175 Thread 0x0000000010e77000   57             com.badlogic.gdx.utils.Array$ArrayIterator::next (66 bytes)
Event: 4.176 Thread 0x0000000010e77000 nmethod 57 0x00000000024ab710 code [0x00000000024ab860, 0x00000000024ab958]

GC Heap History (0 events):
No events

Deoptimization events (0 events):
No events

Internal exceptions (10 events):
Event: 3.957 Thread 0x0000000012aef800 Threw 0x00000007ac108a88 at C:\jdk7u2_64p\jdk7u10\hotspot\src\share\vm\prims\jvm.cpp:1166
Event: 3.957 Thread 0x0000000012aef800 Threw 0x00000007ac10cb70 at C:\jdk7u2_64p\jdk7u10\hotspot\src\share\vm\prims\jvm.cpp:1166
Event: 3.958 Thread 0x0000000012aef800 Threw 0x00000007ac1101f8 at C:\jdk7u2_64p\jdk7u10\hotspot\src\share\vm\prims\jvm.cpp:1166
Event: 3.975 Thread 0x0000000012aef800 Threw 0x00000007ac114e10 at C:\jdk7u2_64p\jdk7u10\hotspot\src\share\vm\prims\jvm.cpp:1166
Event: 3.976 Thread 0x0000000012aef800 Threw 0x00000007ac119c18 at C:\jdk7u2_64p\jdk7u10\hotspot\src\share\vm\prims\jvm.cpp:1166
Event: 3.978 Thread 0x0000000012aef800 Threw 0x00000007ac11d5d8 at C:\jdk7u2_64p\jdk7u10\hotspot\src\share\vm\prims\jvm.cpp:1166
Event: 3.978 Thread 0x0000000012aef800 Threw 0x00000007ac121b08 at C:\jdk7u2_64p\jdk7u10\hotspot\src\share\vm\prims\jvm.cpp:1166
Event: 3.979 Thread 0x0000000012aef800 Threw 0x00000007ac125d40 at C:\jdk7u2_64p\jdk7u10\hotspot\src\share\vm\prims\jvm.cpp:1166
Event: 4.913 Thread 0x0000000012aef800 Threw 0x00000007ac131f70 at C:\jdk7u2_64p\jdk7u10\hotspot\src\share\vm\prims\jvm.cpp:1166
Event: 4.914 Thread 0x0000000012aef800 Threw 0x00000007ac13c588 at C:\jdk7u2_64p\jdk7u10\hotspot\src\share\vm\prims\jvm.cpp:1166

Events (10 events):
Event: 3.979 loading class 0x00000000188aded0 done
Event: 3.979 Thread 0x0000000012c4e800 Thread added: 0x0000000012c4e800
Event: 4.035 Executing VM operation: EnableBiasedLocking
Event: 4.035 Executing VM operation: EnableBiasedLocking done
Event: 4.298 Thread 0x0000000012aa6000 Thread exited: 0x0000000012aa6000
Event: 4.298 Thread 0x0000000012ba1000 Thread exited: 0x0000000012ba1000
Event: 4.913 loading class 0x0000000012d77b30
Event: 4.913 loading class 0x0000000012d77b30 done
Event: 4.914 loading class 0x0000000012aae250
Event: 4.914 loading class 0x0000000012aae250 done


Dynamic libraries:
0x000000013fae0000 - 0x000000013fb13000 	C:\Program Files\Java\jre7\bin\javaw.exe
0x0000000076f60000 - 0x0000000077109000 	C:\Windows\SYSTEM32\ntdll.dll
0x00000000769d0000 - 0x0000000076aef000 	C:\Windows\system32\kernel32.dll
0x000007fefd470000 - 0x000007fefd4dc000 	C:\Windows\system32\KERNELBASE.dll
0x000007fefdaf0000 - 0x000007fefdbcb000 	C:\Windows\system32\ADVAPI32.dll
0x000007fefd8e0000 - 0x000007fefd97f000 	C:\Windows\system32\msvcrt.dll
0x000007fefed60000 - 0x000007fefed7f000 	C:\Windows\SYSTEM32\sechost.dll
0x000007fefd7b0000 - 0x000007fefd8dd000 	C:\Windows\system32\RPCRT4.dll
0x0000000076e60000 - 0x0000000076f5a000 	C:\Windows\system32\USER32.dll
0x000007fefdbd0000 - 0x000007fefdc37000 	C:\Windows\system32\GDI32.dll
0x000007fefdc40000 - 0x000007fefdc4e000 	C:\Windows\system32\LPK.dll
0x000007feff0d0000 - 0x000007feff199000 	C:\Windows\system32\USP10.dll
0x000007fefc4f0000 - 0x000007fefc6e4000 	C:\Windows\WinSxS\amd64_microsoft.windows.common-controls_6595b64144ccf1df_6.0.7601.17514_none_fa396087175ac9ac\COMCTL32.dll
0x000007fefdf20000 - 0x000007fefdf91000 	C:\Windows\system32\SHLWAPI.dll
0x000007fefdfa0000 - 0x000007fefdfce000 	C:\Windows\system32\IMM32.DLL
0x000007fefd980000 - 0x000007fefda89000 	C:\Windows\system32\MSCTF.dll
0x000000005c5c0000 - 0x000000005c691000 	C:\Program Files\Java\jre7\bin\msvcr100.dll
0x000000005bea0000 - 0x000000005c5bf000 	C:\Program Files\Java\jre7\bin\server\jvm.dll
0x000007fef08e0000 - 0x000007fef08e9000 	C:\Windows\system32\WSOCK32.dll
0x000007feff1a0000 - 0x000007feff1ed000 	C:\Windows\system32\WS2_32.dll
0x000007fefdc50000 - 0x000007fefdc58000 	C:\Windows\system32\NSI.dll
0x000007fefb220000 - 0x000007fefb25b000 	C:\Windows\system32\WINMM.dll
0x0000000077120000 - 0x0000000077127000 	C:\Windows\system32\PSAPI.DLL
0x000000005cfe0000 - 0x000000005cfef000 	C:\Program Files\Java\jre7\bin\verify.dll
0x000000005cfb0000 - 0x000000005cfd8000 	C:\Program Files\Java\jre7\bin\java.dll
0x000000005be80000 - 0x000000005be95000 	C:\Program Files\Java\jre7\bin\zip.dll
0x000000006cc90000 - 0x000000006ce23000 	C:\Program Files\Java\jre7\bin\awt.dll
0x000007fefde40000 - 0x000007fefdf17000 	C:\Windows\system32\OLEAUT32.dll
0x000007fefee20000 - 0x000007feff023000 	C:\Windows\system32\ole32.dll
0x000007fefb9f0000 - 0x000007fefba46000 	C:\Windows\system32\uxtheme.dll
0x000007fefb610000 - 0x000007fefb628000 	C:\Windows\system32\dwmapi.dll
0x000007fefd2f0000 - 0x000007fefd2ff000 	C:\Windows\system32\CRYPTBASE.dll
0x000007fee69d0000 - 0x000007fee69d9000 	E:\Program\Synergy\synwinhk.DLL
0x0000000065580000 - 0x0000000065610000 	C:\Users\Jacke P-ssonz\AppData\Local\Temp\libgdxJacke P-ssonz\5498721d\gdx64.dll
0x0000000180000000 - 0x0000000180050000 	C:\Users\Jacke P-ssonz\AppData\Local\Temp\libgdxJacke P-ssonz\4c88a7c1\lwjgl64.dll
0x000007feefe30000 - 0x000007feeff4d000 	C:\Windows\system32\OPENGL32.dll
0x000007feefe00000 - 0x000007feefe2d000 	C:\Windows\system32\GLU32.dll
0x000007feefd00000 - 0x000007feefdf1000 	C:\Windows\system32\DDRAW.dll
0x000007feefcf0000 - 0x000007feefcf8000 	C:\Windows\system32\DCIMAN32.dll
0x000007fefdc60000 - 0x000007fefde37000 	C:\Windows\system32\SETUPAPI.dll
0x000007fefd4e0000 - 0x000007fefd516000 	C:\Windows\system32\CFGMGR32.dll
0x000007fefd520000 - 0x000007fefd53a000 	C:\Windows\system32\DEVOBJ.dll
0x000007fefc1c0000 - 0x000007fefc1cc000 	C:\Windows\system32\VERSION.dll
0x00000000061a0000 - 0x0000000006204000 	C:\Users\JACKEP~1\AppData\Local\Temp\libgdxJacke P-ssonz\4c88a7c1\OpenAL64.dll
0x000007fefdfd0000 - 0x000007fefed58000 	C:\Windows\system32\SHELL32.dll
0x000007feff030000 - 0x000007feff0c9000 	C:\Windows\system32\CLBCatQ.DLL
0x000007fefbf20000 - 0x000007fefbf6b000 	C:\Windows\System32\MMDevApi.dll
0x000007fefbdc0000 - 0x000007fefbeec000 	C:\Windows\System32\PROPSYS.dll
0x000007fedf160000 - 0x000007fedf1e8000 	C:\Windows\system32\dsound.dll
0x000007fefc1d0000 - 0x000007fefc1fc000 	C:\Windows\system32\POWRPROF.dll
0x000007fefaf90000 - 0x000007fefafdf000 	C:\Windows\system32\AUDIOSES.DLL
0x00000000125b0000 - 0x0000000012615000 	C:\Program Files\WIDCOMM\Bluetooth Software\btmmhook.dll
0x000007feef500000 - 0x000007feef518000 	C:\Windows\system32\atig6pxx.dll
0x0000000019810000 - 0x000000001b0c5000 	C:\Windows\system32\atio6axx.dll
0x000007fef9fd0000 - 0x000007fefa09f000 	C:\Windows\system32\atiadlxx.dll
0x000007fefc3e0000 - 0x000007fefc3fe000 	C:\Windows\system32\USERENV.dll
0x000007fefd3c0000 - 0x000007fefd3cf000 	C:\Windows\system32\profapi.dll
0x000007fefc7f0000 - 0x000007fefc801000 	C:\Windows\system32\WTSAPI32.dll
0x000007fefad70000 - 0x000007fefad97000 	C:\Windows\system32\IPHLPAPI.DLL
0x000007fefad60000 - 0x000007fefad6b000 	C:\Windows\system32\WINNSI.DLL
0x000007fee0320000 - 0x000007fee051f000 	C:\Windows\system32\d3d9.dll
0x000007fee0310000 - 0x000007fee0317000 	C:\Windows\system32\d3d8thk.dll
0x000007fef3c00000 - 0x000007fef3d31000 	C:\Windows\system32\aticfx64.dll
0x000007fee02d0000 - 0x000007fee02f0000 	C:\Windows\system32\atiu9p64.dll
0x000007fedfbe0000 - 0x000007fee02c8000 	C:\Windows\system32\atiumd64.dll
0x000000005f000000 - 0x000000005f679000 	C:\Windows\system32\atiumd6a.dll
0x000007fefd540000 - 0x000007fefd57a000 	C:\Windows\system32\WINTRUST.dll
0x000007fefd580000 - 0x000007fefd6ea000 	C:\Windows\system32\CRYPT32.dll
0x000007fefd460000 - 0x000007fefd46f000 	C:\Windows\system32\MSASN1.dll
0x000007feeab20000 - 0x000007feeab3e000 	C:\Windows\system32\atig6txx.dll
0x000007fedc520000 - 0x000007fedc5bc000 	C:\Windows\system32\mscms.dll
0x000007fee6d30000 - 0x000007fee6d72000 	C:\Windows\system32\icm32.dll
0x000007fef6120000 - 0x000007fef6245000 	C:\Windows\system32\dbghelp.dll

VM Arguments:
jvm_args: -Dfile.encoding=Cp1252 
java_command: com.me.mygdxgame.Main
Launcher Type: SUN_STANDARD

Environment Variables:
CLASSPATH=.;C:\Program Files (x86)\Java\jre7\lib\ext\QTJava.zip
PATH=C:\Program Files\Broadcom\Broadcom 802.11 Network Adapter;;C:\Program Files (x86)\AMD APP\bin\x86_64;C:\Program Files (x86)\AMD APP\bin\x86;C:\Windows\system32;C:\Windows;C:\Windows\System32\Wbem;C:\Windows\System32\WindowsPowerShell\v1.0\;C:\Program Files (x86)\ATI Technologies\ATI.ACE\Core-Static;C:\Program Files (x86)\GoPro\Tools;C:\Program Files (x86)\CineForm\Tools;C:\Program Files (x86)\QuickTime\QTSystem\;C:\Program Files\Common Files\Autodesk Shared\;C:\Program Files\WIDCOMM\Bluetooth Software\;C:\Program Files\WIDCOMM\Bluetooth Software\syswow64;C:\Program Files\Broadcom\WHL\;C:\Program Files\Broadcom\WHL\syswow64;C:\Program Files\Broadcom\WHL\SysWow64\;C:\Program Files\Broadcom\WHL\SysWow64\syswow64;C:\Program\MATLAB\R2013a\runtime\win64;C:\Program\MATLAB\R2013a\bin;C:\Program Files (x86)\Microsoft SQL Server\100\Tools\Binn\;C:\Program Files\Microsoft SQL Server\100\Tools\Binn\;C:\Program Files\Microsoft SQL Server\100\DTS\Binn\;C:\Program Files\nodejs\;E:\Program\Altera\13.0sp1\modelsim_ase\win32aloem;C:\Users\Jacke P-ssonz\AppData\Roaming\npm
USERNAME=Jacke P-ssonz
OS=Windows_NT
PROCESSOR_IDENTIFIER=Intel64 Family 6 Model 58 Stepping 9, GenuineIntel



---------------  S Y S T E M  ---------------

OS: Windows 7 , 64 bit Build 7601 Service Pack 1

CPU:total 4 (4 cores per cpu, 1 threads per core) family 6 model 58 stepping 9, cmov, cx8, fxsr, mmx, sse, sse2, sse3, ssse3, sse4.1, sse4.2, popcnt, avx, tsc, tscinvbit, tscinv

Memory: 4k page, physical 16721048k(9350308k free), swap 33440244k(22896164k free)

vm_info: Java HotSpot(TM) 64-Bit Server VM (23.6-b04) for windows-amd64 JRE (1.7.0_10-b18), built on Nov 28 2012 05:00:40 by "java_re" with unknown MS VC++:1600

time: Wed Apr 16 02:55:50 2014
elapsed time: 4 seconds

